2026-05-17 15:59:32,942 [INFO] Initializing application {urn:gestao.matriculas.uern}GestaoMatriculaService...
2026-05-17 15:59:32,984 [INFO] Banco SQLite inicializado: matriculas.db
2026-05-17 15:59:40,918 [INFO] Initializing application {urn:gestao.matriculas.uern}GestaoMatriculaService...
2026-05-17 15:59:40,935 [INFO] Banco SQLite inicializado: matriculas.db
2026-05-17 15:59:42,270 [INFO] [31m[1mWARNING: This is a development server. Do not use it in a production deployment. Use a production WSGI server instead.[0m
 * Running on all addresses (0.0.0.0)
 * Running on http://127.0.0.1:8000
 * Running on http://192.168.0.6:8000
2026-05-17 15:59:42,271 [INFO] [33mPress CTRL+C to quit[0m
2026-05-17 15:59:54,616 [INFO] 127.0.0.1 - - [17/May/2026 15:59:54] "GET /?wsdl HTTP/1.1" 200 -
2026-05-17 15:59:54,647 [INFO] OP=registrar_matricula aluno=ALU-001 curso=CUR-TI
2026-05-17 15:59:54,653 [INFO] Matricula criada: MAT-0001
2026-05-17 15:59:54,654 [INFO] 127.0.0.1 - - [17/May/2026 15:59:54] "POST / HTTP/1.1" 200 -
2026-05-17 16:00:13,439 [INFO] OP=consultar_matricula id=MAT-0001
2026-05-17 16:00:13,450 [INFO] 127.0.0.1 - - [17/May/2026 16:00:13] "POST / HTTP/1.1" 200 -
2026-05-17 16:00:13,473 [INFO] OP=cancelar_matricula id=MAT-0001 auth=False
2026-05-17 16:00:13,473 [WARNING] AUTH FALHOU — cancelar_matricula id=MAT-0001
2026-05-17 16:00:13,473 [ERROR] Fault(Client.Unauthorized: 'Credenciais WS-Security invalidas ou ausentes')
Traceback (most recent call last):
  File "C:\Users\one\AppData\Local\Programs\Python\Python313\Lib\site-packages\spyne\application.py", line 173, in process_request
    ctx.out_object = self.call_wrapper(ctx)
                     ~~~~~~~~~~~~~~~~~^^^^^
  File "C:\Users\one\AppData\Local\Programs\Python\Python313\Lib\site-packages\spyne\application.py", line 242, in call_wrapper
    return ctx.descriptor.service_class.call_wrapper(ctx)
           ~~~~~~~~~~~~~~~~~~~~~~~~~~~~~~~~~~~~~~~~~^^^^^
  File "C:\Users\one\AppData\Local\Programs\Python\Python313\Lib\site-packages\spyne\service.py", line 194, in call_wrapper
    return ctx.function(*args)
           ~~~~~~~~~~~~^^^^^^^
  File "C:\Users\one\Documents\soap-service\soap_service.py", line 170, in cancelar_matricula
    raise Fault('Client.Unauthorized',
                'Credenciais WS-Security invalidas ou ausentes')
spyne.model.fault.Fault: Fault(Client.Unauthorized: 'Credenciais WS-Security invalidas ou ausentes')
2026-05-17 16:00:13,475 [INFO] 127.0.0.1 - - [17/May/2026 16:00:13] "[35m[1mPOST / HTTP/1.1[0m" 500 -
2026-05-17 16:00:27,510 [INFO] OP=cancelar_matricula id=MAT-0001 auth=False
2026-05-17 16:00:27,510 [WARNING] AUTH FALHOU — cancelar_matricula id=MAT-0001
2026-05-17 16:00:27,510 [ERROR] Fault(Client.Unauthorized: 'Credenciais WS-Security invalidas ou ausentes')
Traceback (most recent call last):
  File "C:\Users\one\AppData\Local\Programs\Python\Python313\Lib\site-packages\spyne\application.py", line 173, in process_request
    ctx.out_object = self.call_wrapper(ctx)
                     ~~~~~~~~~~~~~~~~~^^^^^
  File "C:\Users\one\AppData\Local\Programs\Python\Python313\Lib\site-packages\spyne\application.py", line 242, in call_wrapper
    return ctx.descriptor.service_class.call_wrapper(ctx)
           ~~~~~~~~~~~~~~~~~~~~~~~~~~~~~~~~~~~~~~~~~^^^^^
  File "C:\Users\one\AppData\Local\Programs\Python\Python313\Lib\site-packages\spyne\service.py", line 194, in call_wrapper
    return ctx.function(*args)
           ~~~~~~~~~~~~^^^^^^^
  File "C:\Users\one\Documents\soap-service\soap_service.py", line 170, in cancelar_matricula
    raise Fault('Client.Unauthorized',
                'Credenciais WS-Security invalidas ou ausentes')
spyne.model.fault.Fault: Fault(Client.Unauthorized: 'Credenciais WS-Security invalidas ou ausentes')
2026-05-17 16:00:27,518 [INFO] 127.0.0.1 - - [17/May/2026 16:00:27] "[35m[1mPOST / HTTP/1.1[0m" 500 -
2026-05-17 16:00:27,536 [INFO] OP=cancelar_matricula id=MAT-0001 auth=True
2026-05-17 16:00:27,542 [INFO] Matricula cancelada: MAT-0001
2026-05-17 16:00:27,543 [INFO] 127.0.0.1 - - [17/May/2026 16:00:27] "POST / HTTP/1.1" 200 -
2026-05-17 16:00:36,476 [INFO] 127.0.0.1 - - [17/May/2026 16:00:36] "GET /?wsdl HTTP/1.1" 200 -
2026-05-17 16:00:47,866 [INFO] OP=registrar_matricula aluno=ALU-001 curso=CUR-TI
2026-05-17 16:00:47,873 [INFO] Matricula criada: MAT-0002
2026-05-17 16:00:47,881 [INFO] 127.0.0.1 - - [17/May/2026 16:00:47] "POST / HTTP/1.1" 200 -
2026-05-17 16:00:47,899 [INFO] OP=listar_matriculas_ativas aluno=ALU-001
2026-05-17 16:00:47,901 [INFO] 127.0.0.1 - - [17/May/2026 16:00:47] "POST / HTTP/1.1" 200 -
2026-05-17 16:00:47,916 [INFO] OP=excluir_matricula id=MAT-0002 auth=True
2026-05-17 16:00:47,922 [INFO] Matricula excluida: MAT-0002
2026-05-17 16:00:47,922 [INFO] 127.0.0.1 - - [17/May/2026 16:00:47] "POST / HTTP/1.1" 200 -
2026-05-17 17:12:05,002 [INFO] Initializing application {urn:gestao.matriculas.uern}GestaoMatriculaService...
2026-05-17 17:12:05,018 [INFO] Banco SQLite inicializado: matriculas.db
2026-05-17 17:12:06,370 [INFO] [31m[1mWARNING: This is a development server. Do not use it in a production deployment. Use a production WSGI server instead.[0m
 * Running on all addresses (0.0.0.0)
 * Running on http://127.0.0.1:8000
 * Running on http://192.168.0.6:8000
2026-05-17 17:12:06,370 [INFO] [33mPress CTRL+C to quit[0m
2026-05-17 17:12:25,555 [INFO] 127.0.0.1 - - [17/May/2026 17:12:25] "GET /?wsdl HTTP/1.1" 200 -
2026-05-17 17:12:25,797 [INFO] 127.0.0.1 - - [17/May/2026 17:12:25] "[31m[1mGET /favicon.ico HTTP/1.1[0m" 405 -
2026-05-17 17:14:29,015 [INFO] 127.0.0.1 - - [17/May/2026 17:14:29] "[31m[1mGET /registrar_matricula HTTP/1.1[0m" 405 -
2026-05-17 17:14:29,274 [INFO] 127.0.0.1 - - [17/May/2026 17:14:29] "[31m[1mGET /favicon.ico HTTP/1.1[0m" 405 -
2026-05-17 17:14:43,359 [INFO] 127.0.0.1 - - [17/May/2026 17:14:43] "[31m[1mGET /favicon.ico HTTP/1.1[0m" 405 -
2026-05-17 20:39:46,412 [INFO] 127.0.0.1 - - [17/May/2026 20:39:46] "GET /?wsdl HTTP/1.1" 200 -
2026-05-17 20:42:01,875 [INFO] OP=registrar_matricula aluno=ALU-100 curso=CIENCIA-COMP
2026-05-17 20:42:01,884 [INFO] Matricula criada: MAT-0002
2026-05-17 20:42:01,892 [INFO] 127.0.0.1 - - [17/May/2026 20:42:01] "POST / HTTP/1.1" 200 -
2026-05-17 20:42:33,386 [INFO] 127.0.0.1 - - [17/May/2026 20:42:33] "GET /?wsdl HTTP/1.1" 200 -
2026-05-17 20:42:33,634 [INFO] 127.0.0.1 - - [17/May/2026 20:42:33] "[31m[1mGET /favicon.ico HTTP/1.1[0m" 405 -
2026-05-17 20:46:06,887 [INFO] OP=consultar_matricula id=MAT-0001
2026-05-17 20:46:06,897 [INFO] 127.0.0.1 - - [17/May/2026 20:46:06] "POST / HTTP/1.1" 200 -
2026-05-17 20:46:06,898 [INFO] OP=registrar_matricula aluno=ALU-100 curso=CIENCIA-COMP
2026-05-17 20:46:06,906 [INFO] Matricula criada: MAT-0003
2026-05-17 20:46:06,906 [INFO] 127.0.0.1 - - [17/May/2026 20:46:06] "POST / HTTP/1.1" 200 -
2026-05-17 20:46:08,370 [INFO] OP=consultar_matricula id=MAT-0001
2026-05-17 20:46:08,380 [INFO] 127.0.0.1 - - [17/May/2026 20:46:08] "POST / HTTP/1.1" 200 -
2026-05-17 20:46:51,767 [INFO] OP=registrar_matricula aluno=ALU-100 curso=CIENCIA-COMP
2026-05-17 20:46:51,774 [INFO] Matricula criada: MAT-0004
2026-05-17 20:46:51,784 [INFO] 127.0.0.1 - - [17/May/2026 20:46:51] "POST / HTTP/1.1" 200 -
2026-05-17 20:47:06,661 [INFO] OP=consultar_matricula id=MAT-0001
2026-05-17 20:47:06,669 [INFO] 127.0.0.1 - - [17/May/2026 20:47:06] "POST / HTTP/1.1" 200 -
2026-05-17 20:47:58,153 [INFO] OP=registrar_matricula aluno=ALU-100 curso=CIENCIA-COMP
2026-05-17 20:47:58,160 [INFO] Matricula criada: MAT-0005
2026-05-17 20:47:58,168 [INFO] 127.0.0.1 - - [17/May/2026 20:47:58] "POST / HTTP/1.1" 200 -
2026-05-17 20:51:25,814 [INFO] OP=registrar_matricula aluno=ALU-100 curso=CIENCIA-COMP
2026-05-17 20:51:25,820 [INFO] Matricula criada: MAT-0006
2026-05-17 20:51:25,836 [INFO] 127.0.0.1 - - [17/May/2026 20:51:25] "POST / HTTP/1.1" 200 -
2026-05-17 20:56:17,056 [INFO] OP=registrar_matricula aluno=ALU-100 curso=CIENCIA-COMP
2026-05-17 20:56:17,061 [INFO] Matricula criada: MAT-0007
2026-05-17 20:56:17,071 [INFO] 127.0.0.1 - - [17/May/2026 20:56:17] "POST / HTTP/1.1" 200 -
2026-05-17 20:56:32,447 [INFO] OP=consultar_matricula id=MAT-0001
2026-05-17 20:56:32,459 [INFO] 127.0.0.1 - - [17/May/2026 20:56:32] "POST / HTTP/1.1" 200 -
2026-05-17 20:59:04,002 [INFO] OP=listar_matriculas_ativas aluno=ALU-100
2026-05-17 20:59:04,013 [INFO] 127.0.0.1 - - [17/May/2026 20:59:04] "POST / HTTP/1.1" 200 -
2026-05-17 21:00:44,735 [INFO] OP=cancelar_matricula id=MAT-0001 auth=True
2026-05-17 21:00:44,736 [INFO] Matricula cancelada: MAT-0001
2026-05-17 21:00:44,745 [INFO] 127.0.0.1 - - [17/May/2026 21:00:44] "POST / HTTP/1.1" 200 -
2026-05-17 21:03:07,583 [INFO] OP=excluir_matricula id=MAT-0002 auth=True
2026-05-17 21:03:07,586 [INFO] Matricula excluida: MAT-0002
2026-05-17 21:03:07,594 [INFO] 127.0.0.1 - - [17/May/2026 21:03:07] "POST / HTTP/1.1" 200 -
2026-05-17 21:05:01,292 [INFO] OP=cancelar_matricula id=MAT-0001 auth=True
2026-05-17 21:05:01,294 [INFO] Matricula cancelada: MAT-0001
2026-05-17 21:05:01,305 [INFO] 127.0.0.1 - - [17/May/2026 21:05:01] "POST / HTTP/1.1" 200 -
2026-05-17 21:05:39,664 [INFO] OP=consultar_matricula id=MAT-0001
2026-05-17 21:05:39,673 [INFO] 127.0.0.1 - - [17/May/2026 21:05:39] "POST / HTTP/1.1" 200 -
2026-05-17 21:06:34,177 [INFO] OP=consultar_matricula id=MAT-0001
2026-05-17 21:06:34,190 [INFO] 127.0.0.1 - - [17/May/2026 21:06:34] "POST / HTTP/1.1" 200 -
2026-05-17 21:07:36,504 [INFO] OP=listar_matriculas_ativas aluno=ALU-100
2026-05-17 21:07:36,513 [INFO] 127.0.0.1 - - [17/May/2026 21:07:36] "POST / HTTP/1.1" 200 -
2026-05-17 21:08:25,320 [INFO] OP=registrar_matricula aluno=ALU-100 curso=CIENCIA-COMP
2026-05-17 21:08:25,322 [ERROR] ERRO registrar_matricula: UNIQUE constraint failed: matriculas.id_matricula
2026-05-17 21:08:25,322 [ERROR] Fault(Server: 'Erro interno: UNIQUE constraint failed: matriculas.id_matricula')
Traceback (most recent call last):
  File "C:\Users\one\Documents\soap-service\soap_service.py", line 104, in registrar_matricula
    conn.execute(
    ~~~~~~~~~~~~^
        "INSERT INTO matriculas VALUES (?, ?, ?, ?, ?)",
        ^^^^^^^^^^^^^^^^^^^^^^^^^^^^^^^^^^^^^^^^^^^^^^^^
        (id_mat, id_aluno, id_curso, 'ATIVA', data)
        ^^^^^^^^^^^^^^^^^^^^^^^^^^^^^^^^^^^^^^^^^^^
    )
    ^
sqlite3.IntegrityError: UNIQUE constraint failed: matriculas.id_matricula

During handling of the above exception, another exception occurred:

Traceback (most recent call last):
  File "C:\Users\one\AppData\Local\Programs\Python\Python313\Lib\site-packages\spyne\application.py", line 173, in process_request
    ctx.out_object = self.call_wrapper(ctx)
                     ~~~~~~~~~~~~~~~~~^^^^^
  File "C:\Users\one\AppData\Local\Programs\Python\Python313\Lib\site-packages\spyne\application.py", line 242, in call_wrapper
    return ctx.descriptor.service_class.call_wrapper(ctx)
           ~~~~~~~~~~~~~~~~~~~~~~~~~~~~~~~~~~~~~~~~~^^^^^
  File "C:\Users\one\AppData\Local\Programs\Python\Python313\Lib\site-packages\spyne\service.py", line 194, in call_wrapper
    return ctx.function(*args)
           ~~~~~~~~~~~~^^^^^^^
  File "C:\Users\one\Documents\soap-service\soap_service.py", line 117, in registrar_matricula
    raise Fault('Server', f'Erro interno: {exc}')
spyne.model.fault.Fault: Fault(Server: 'Erro interno: UNIQUE constraint failed: matriculas.id_matricula')
2026-05-17 21:08:25,333 [INFO] 127.0.0.1 - - [17/May/2026 21:08:25] "[35m[1mPOST / HTTP/1.1[0m" 500 -
2026-05-17 21:10:32,309 [INFO] OP=registrar_matricula aluno=ALU-100 curso=CIENCIA-COMP
2026-05-17 21:10:37,840 [ERROR] ERRO registrar_matricula: database is locked
2026-05-17 21:10:37,841 [ERROR] Fault(Server: 'Erro interno: database is locked')
Traceback (most recent call last):
  File "C:\Users\one\Documents\soap-service\soap_service.py", line 104, in registrar_matricula
    conn.execute(
    ~~~~~~~~~~~~^
        "INSERT INTO matriculas VALUES (?, ?, ?, ?, ?)",
        ^^^^^^^^^^^^^^^^^^^^^^^^^^^^^^^^^^^^^^^^^^^^^^^^
        (id_mat, id_aluno, id_curso, 'ATIVA', data)
        ^^^^^^^^^^^^^^^^^^^^^^^^^^^^^^^^^^^^^^^^^^^
    )
    ^
sqlite3.OperationalError: database is locked

During handling of the above exception, another exception occurred:

Traceback (most recent call last):
  File "C:\Users\one\AppData\Local\Programs\Python\Python313\Lib\site-packages\spyne\application.py", line 173, in process_request
    ctx.out_object = self.call_wrapper(ctx)
                     ~~~~~~~~~~~~~~~~~^^^^^
  File "C:\Users\one\AppData\Local\Programs\Python\Python313\Lib\site-packages\spyne\application.py", line 242, in call_wrapper
    return ctx.descriptor.service_class.call_wrapper(ctx)
           ~~~~~~~~~~~~~~~~~~~~~~~~~~~~~~~~~~~~~~~~~^^^^^
  File "C:\Users\one\AppData\Local\Programs\Python\Python313\Lib\site-packages\spyne\service.py", line 194, in call_wrapper
    return ctx.function(*args)
           ~~~~~~~~~~~~^^^^^^^
  File "C:\Users\one\Documents\soap-service\soap_service.py", line 117, in registrar_matricula
    raise Fault('Server', f'Erro interno: {exc}')
spyne.model.fault.Fault: Fault(Server: 'Erro interno: database is locked')
2026-05-17 21:10:37,848 [INFO] 127.0.0.1 - - [17/May/2026 21:10:37] "[35m[1mPOST / HTTP/1.1[0m" 500 -
2026-05-17 21:11:27,260 [INFO] OP=registrar_matricula aluno=ALU-100 curso=CIENCIA-COMPU
2026-05-17 21:11:27,261 [ERROR] ERRO registrar_matricula: UNIQUE constraint failed: matriculas.id_matricula
2026-05-17 21:11:27,262 [ERROR] Fault(Server: 'Erro interno: UNIQUE constraint failed: matriculas.id_matricula')
Traceback (most recent call last):
  File "C:\Users\one\Documents\soap-service\soap_service.py", line 104, in registrar_matricula
    conn.execute(
    ~~~~~~~~~~~~^
        "INSERT INTO matriculas VALUES (?, ?, ?, ?, ?)",
        ^^^^^^^^^^^^^^^^^^^^^^^^^^^^^^^^^^^^^^^^^^^^^^^^
        (id_mat, id_aluno, id_curso, 'ATIVA', data)
        ^^^^^^^^^^^^^^^^^^^^^^^^^^^^^^^^^^^^^^^^^^^
    )
    ^
sqlite3.IntegrityError: UNIQUE constraint failed: matriculas.id_matricula

During handling of the above exception, another exception occurred:

Traceback (most recent call last):
  File "C:\Users\one\AppData\Local\Programs\Python\Python313\Lib\site-packages\spyne\application.py", line 173, in process_request
    ctx.out_object = self.call_wrapper(ctx)
                     ~~~~~~~~~~~~~~~~~^^^^^
  File "C:\Users\one\AppData\Local\Programs\Python\Python313\Lib\site-packages\spyne\application.py", line 242, in call_wrapper
    return ctx.descriptor.service_class.call_wrapper(ctx)
           ~~~~~~~~~~~~~~~~~~~~~~~~~~~~~~~~~~~~~~~~~^^^^^
  File "C:\Users\one\AppData\Local\Programs\Python\Python313\Lib\site-packages\spyne\service.py", line 194, in call_wrapper
    return ctx.function(*args)
           ~~~~~~~~~~~~^^^^^^^
  File "C:\Users\one\Documents\soap-service\soap_service.py", line 117, in registrar_matricula
    raise Fault('Server', f'Erro interno: {exc}')
spyne.model.fault.Fault: Fault(Server: 'Erro interno: UNIQUE constraint failed: matriculas.id_matricula')
2026-05-17 21:11:27,272 [INFO] 127.0.0.1 - - [17/May/2026 21:11:27] "[35m[1mPOST / HTTP/1.1[0m" 500 -
2026-05-17 21:11:35,518 [INFO] OP=registrar_matricula aluno=ALU-101 curso=CIENCIA-COMPU
2026-05-17 21:11:41,053 [ERROR] ERRO registrar_matricula: database is locked
2026-05-17 21:11:41,053 [ERROR] Fault(Server: 'Erro interno: database is locked')
Traceback (most recent call last):
  File "C:\Users\one\Documents\soap-service\soap_service.py", line 104, in registrar_matricula
    conn.execute(
    ~~~~~~~~~~~~^
        "INSERT INTO matriculas VALUES (?, ?, ?, ?, ?)",
        ^^^^^^^^^^^^^^^^^^^^^^^^^^^^^^^^^^^^^^^^^^^^^^^^
        (id_mat, id_aluno, id_curso, 'ATIVA', data)
        ^^^^^^^^^^^^^^^^^^^^^^^^^^^^^^^^^^^^^^^^^^^
    )
    ^
sqlite3.OperationalError: database is locked

During handling of the above exception, another exception occurred:

Traceback (most recent call last):
  File "C:\Users\one\AppData\Local\Programs\Python\Python313\Lib\site-packages\spyne\application.py", line 173, in process_request
    ctx.out_object = self.call_wrapper(ctx)
                     ~~~~~~~~~~~~~~~~~^^^^^
  File "C:\Users\one\AppData\Local\Programs\Python\Python313\Lib\site-packages\spyne\application.py", line 242, in call_wrapper
    return ctx.descriptor.service_class.call_wrapper(ctx)
           ~~~~~~~~~~~~~~~~~~~~~~~~~~~~~~~~~~~~~~~~~^^^^^
  File "C:\Users\one\AppData\Local\Programs\Python\Python313\Lib\site-packages\spyne\service.py", line 194, in call_wrapper
    return ctx.function(*args)
           ~~~~~~~~~~~~^^^^^^^
  File "C:\Users\one\Documents\soap-service\soap_service.py", line 117, in registrar_matricula
    raise Fault('Server', f'Erro interno: {exc}')
spyne.model.fault.Fault: Fault(Server: 'Erro interno: database is locked')
2026-05-17 21:11:41,063 [INFO] 127.0.0.1 - - [17/May/2026 21:11:41] "[35m[1mPOST / HTTP/1.1[0m" 500 -
2026-05-17 21:12:02,013 [INFO] Initializing application {urn:gestao.matriculas.uern}GestaoMatriculaService...
2026-05-17 21:12:02,074 [INFO] Banco SQLite inicializado: matriculas.db
2026-05-17 21:12:03,434 [INFO] [31m[1mWARNING: This is a development server. Do not use it in a production deployment. Use a production WSGI server instead.[0m
 * Running on all addresses (0.0.0.0)
 * Running on http://127.0.0.1:8000
 * Running on http://192.168.0.6:8000
2026-05-17 21:12:03,434 [INFO] [33mPress CTRL+C to quit[0m
2026-05-17 21:12:12,609 [INFO] OP=registrar_matricula aluno=ALU-101 curso=CIENCIA-COMPU
2026-05-17 21:12:12,610 [ERROR] ERRO registrar_matricula: UNIQUE constraint failed: matriculas.id_matricula
2026-05-17 21:12:12,611 [ERROR] Fault(Server: 'Erro interno: UNIQUE constraint failed: matriculas.id_matricula')
Traceback (most recent call last):
  File "C:\Users\one\Documents\soap-service\soap_service.py", line 104, in registrar_matricula
    conn.execute(
    ~~~~~~~~~~~~^
        "INSERT INTO matriculas VALUES (?, ?, ?, ?, ?)",
        ^^^^^^^^^^^^^^^^^^^^^^^^^^^^^^^^^^^^^^^^^^^^^^^^
        (id_mat, id_aluno, id_curso, 'ATIVA', data)
        ^^^^^^^^^^^^^^^^^^^^^^^^^^^^^^^^^^^^^^^^^^^
    )
    ^
sqlite3.IntegrityError: UNIQUE constraint failed: matriculas.id_matricula

During handling of the above exception, another exception occurred:

Traceback (most recent call last):
  File "C:\Users\one\AppData\Local\Programs\Python\Python313\Lib\site-packages\spyne\application.py", line 173, in process_request
    ctx.out_object = self.call_wrapper(ctx)
                     ~~~~~~~~~~~~~~~~~^^^^^
  File "C:\Users\one\AppData\Local\Programs\Python\Python313\Lib\site-packages\spyne\application.py", line 242, in call_wrapper
    return ctx.descriptor.service_class.call_wrapper(ctx)
           ~~~~~~~~~~~~~~~~~~~~~~~~~~~~~~~~~~~~~~~~~^^^^^
  File "C:\Users\one\AppData\Local\Programs\Python\Python313\Lib\site-packages\spyne\service.py", line 194, in call_wrapper
    return ctx.function(*args)
           ~~~~~~~~~~~~^^^^^^^
  File "C:\Users\one\Documents\soap-service\soap_service.py", line 117, in registrar_matricula
    raise Fault('Server', f'Erro interno: {exc}')
spyne.model.fault.Fault: Fault(Server: 'Erro interno: UNIQUE constraint failed: matriculas.id_matricula')
2026-05-17 21:12:12,623 [INFO] 127.0.0.1 - - [17/May/2026 21:12:12] "[35m[1mPOST / HTTP/1.1[0m" 500 -
2026-05-17 21:13:19,959 [INFO] OP=registrar_matricula aluno=ALU-200 curso=CIENCIA-COMPU
2026-05-17 21:13:25,495 [ERROR] ERRO registrar_matricula: database is locked
2026-05-17 21:13:25,495 [ERROR] Fault(Server: 'Erro interno: database is locked')
Traceback (most recent call last):
  File "C:\Users\one\Documents\soap-service\soap_service.py", line 104, in registrar_matricula
    conn.execute(
    ~~~~~~~~~~~~^
        "INSERT INTO matriculas VALUES (?, ?, ?, ?, ?)",
        ^^^^^^^^^^^^^^^^^^^^^^^^^^^^^^^^^^^^^^^^^^^^^^^^
        (id_mat, id_aluno, id_curso, 'ATIVA', data)
        ^^^^^^^^^^^^^^^^^^^^^^^^^^^^^^^^^^^^^^^^^^^
    )
    ^
sqlite3.OperationalError: database is locked

During handling of the above exception, another exception occurred:

Traceback (most recent call last):
  File "C:\Users\one\AppData\Local\Programs\Python\Python313\Lib\site-packages\spyne\application.py", line 173, in process_request
    ctx.out_object = self.call_wrapper(ctx)
                     ~~~~~~~~~~~~~~~~~^^^^^
  File "C:\Users\one\AppData\Local\Programs\Python\Python313\Lib\site-packages\spyne\application.py", line 242, in call_wrapper
    return ctx.descriptor.service_class.call_wrapper(ctx)
           ~~~~~~~~~~~~~~~~~~~~~~~~~~~~~~~~~~~~~~~~~^^^^^
  File "C:\Users\one\AppData\Local\Programs\Python\Python313\Lib\site-packages\spyne\service.py", line 194, in call_wrapper
    return ctx.function(*args)
           ~~~~~~~~~~~~^^^^^^^
  File "C:\Users\one\Documents\soap-service\soap_service.py", line 117, in registrar_matricula
    raise Fault('Server', f'Erro interno: {exc}')
spyne.model.fault.Fault: Fault(Server: 'Erro interno: database is locked')
2026-05-17 21:13:25,503 [INFO] 127.0.0.1 - - [17/May/2026 21:13:25] "[35m[1mPOST / HTTP/1.1[0m" 500 -
2026-05-17 21:17:01,668 [INFO] Initializing application {urn:gestao.matriculas.uern}GestaoMatriculaService...
2026-05-17 21:17:01,679 [INFO] Banco SQLite inicializado: matriculas.db
2026-05-17 21:17:02,977 [INFO] [31m[1mWARNING: This is a development server. Do not use it in a production deployment. Use a production WSGI server instead.[0m
 * Running on all addresses (0.0.0.0)
 * Running on http://127.0.0.1:8000
 * Running on http://192.168.0.6:8000
2026-05-17 21:17:02,977 [INFO] [33mPress CTRL+C to quit[0m
2026-05-17 21:17:37,696 [INFO] OP=registrar_matricula aluno=ALU-100 curso=CIENCIA-COMP
2026-05-17 21:17:37,702 [ERROR] ERRO registrar_matricula: UNIQUE constraint failed: matriculas.id_matricula
2026-05-17 21:17:37,702 [ERROR] Fault(Server: 'Erro interno: UNIQUE constraint failed: matriculas.id_matricula')
Traceback (most recent call last):
  File "C:\Users\one\Documents\soap-service\soap_service.py", line 104, in registrar_matricula
    @rpc(Unicode, Unicode, _returns=Matricula)
            ^^^^^^^^^^^^^^^^^^^^^^^^^^^^^^^^^^
    ...<2 lines>...
        try:
        ^^^^
sqlite3.IntegrityError: UNIQUE constraint failed: matriculas.id_matricula

During handling of the above exception, another exception occurred:

Traceback (most recent call last):
  File "C:\Users\one\AppData\Local\Programs\Python\Python313\Lib\site-packages\spyne\application.py", line 173, in process_request
    ctx.out_object = self.call_wrapper(ctx)
                     ~~~~~~~~~~~~~~~~~^^^^^
  File "C:\Users\one\AppData\Local\Programs\Python\Python313\Lib\site-packages\spyne\application.py", line 242, in call_wrapper
    return ctx.descriptor.service_class.call_wrapper(ctx)
           ~~~~~~~~~~~~~~~~~~~~~~~~~~~~~~~~~~~~~~~~~^^^^^
  File "C:\Users\one\AppData\Local\Programs\Python\Python313\Lib\site-packages\spyne\service.py", line 194, in call_wrapper
    return ctx.function(*args)
           ~~~~~~~~~~~~^^^^^^^
  File "C:\Users\one\Documents\soap-service\soap_service.py", line 117, in registrar_matricula
    logger.info("Matricula criada: %s", id_mat)
    ~~~~~~~~~~~^^^^^^^^^^^^^^^^^^^^^^^^^^^^^^^^
spyne.model.fault.Fault: Fault(Server: 'Erro interno: UNIQUE constraint failed: matriculas.id_matricula')
2026-05-17 21:17:37,712 [INFO] 127.0.0.1 - - [17/May/2026 21:17:37] "[35m[1mPOST / HTTP/1.1[0m" 500 -
2026-05-17 21:17:47,395 [INFO] OP=registrar_matricula aluno=ALU-200 curso=CIENCIA-COMP
2026-05-17 21:17:52,920 [ERROR] ERRO registrar_matricula: database is locked
2026-05-17 21:17:52,920 [ERROR] Fault(Server: 'Erro interno: database is locked')
Traceback (most recent call last):
  File "C:\Users\one\Documents\soap-service\soap_service.py", line 104, in registrar_matricula
    @rpc(Unicode, Unicode, _returns=Matricula)
            ^^^^^^^^^^^^^^^^^^^^^^^^^^^^^^^^^^
    ...<2 lines>...
        try:
        ^^^^
sqlite3.OperationalError: database is locked

During handling of the above exception, another exception occurred:

Traceback (most recent call last):
  File "C:\Users\one\AppData\Local\Programs\Python\Python313\Lib\site-packages\spyne\application.py", line 173, in process_request
    ctx.out_object = self.call_wrapper(ctx)
                     ~~~~~~~~~~~~~~~~~^^^^^
  File "C:\Users\one\AppData\Local\Programs\Python\Python313\Lib\site-packages\spyne\application.py", line 242, in call_wrapper
    return ctx.descriptor.service_class.call_wrapper(ctx)
           ~~~~~~~~~~~~~~~~~~~~~~~~~~~~~~~~~~~~~~~~~^^^^^
  File "C:\Users\one\AppData\Local\Programs\Python\Python313\Lib\site-packages\spyne\service.py", line 194, in call_wrapper
    return ctx.function(*args)
           ~~~~~~~~~~~~^^^^^^^
  File "C:\Users\one\Documents\soap-service\soap_service.py", line 117, in registrar_matricula
    logger.info("Matricula criada: %s", id_mat)
    ~~~~~~~~~~~^^^^^^^^^^^^^^^^^^^^^^^^^^^^^^^^
spyne.model.fault.Fault: Fault(Server: 'Erro interno: database is locked')
2026-05-17 21:17:52,928 [INFO] 127.0.0.1 - - [17/May/2026 21:17:52] "[35m[1mPOST / HTTP/1.1[0m" 500 -
2026-05-17 21:18:00,154 [INFO] OP=registrar_matricula aluno=ALU-100 curso=CIENCIA-COMP
2026-05-17 21:18:00,156 [ERROR] ERRO registrar_matricula: UNIQUE constraint failed: matriculas.id_matricula
2026-05-17 21:18:00,156 [ERROR] Fault(Server: 'Erro interno: UNIQUE constraint failed: matriculas.id_matricula')
Traceback (most recent call last):
  File "C:\Users\one\Documents\soap-service\soap_service.py", line 104, in registrar_matricula
    @rpc(Unicode, Unicode, _returns=Matricula)
            ^^^^^^^^^^^^^^^^^^^^^^^^^^^^^^^^^^
    ...<2 lines>...
        try:
        ^^^^
sqlite3.IntegrityError: UNIQUE constraint failed: matriculas.id_matricula

During handling of the above exception, another exception occurred:

Traceback (most recent call last):
  File "C:\Users\one\AppData\Local\Programs\Python\Python313\Lib\site-packages\spyne\application.py", line 173, in process_request
    ctx.out_object = self.call_wrapper(ctx)
                     ~~~~~~~~~~~~~~~~~^^^^^
  File "C:\Users\one\AppData\Local\Programs\Python\Python313\Lib\site-packages\spyne\application.py", line 242, in call_wrapper
    return ctx.descriptor.service_class.call_wrapper(ctx)
           ~~~~~~~~~~~~~~~~~~~~~~~~~~~~~~~~~~~~~~~~~^^^^^
  File "C:\Users\one\AppData\Local\Programs\Python\Python313\Lib\site-packages\spyne\service.py", line 194, in call_wrapper
    return ctx.function(*args)
           ~~~~~~~~~~~~^^^^^^^
  File "C:\Users\one\Documents\soap-service\soap_service.py", line 117, in registrar_matricula
    logger.info("Matricula criada: %s", id_mat)
    ~~~~~~~~~~~^^^^^^^^^^^^^^^^^^^^^^^^^^^^^^^^
spyne.model.fault.Fault: Fault(Server: 'Erro interno: UNIQUE constraint failed: matriculas.id_matricula')
2026-05-17 21:18:00,165 [INFO] 127.0.0.1 - - [17/May/2026 21:18:00] "[35m[1mPOST / HTTP/1.1[0m" 500 -
2026-05-17 21:20:45,572 [INFO] Initializing application {urn:gestao.matriculas.uern}GestaoMatriculaService...
2026-05-17 21:20:45,587 [INFO] Banco SQLite inicializado: matriculas.db
2026-05-17 21:20:46,893 [INFO] [31m[1mWARNING: This is a development server. Do not use it in a production deployment. Use a production WSGI server instead.[0m
 * Running on all addresses (0.0.0.0)
 * Running on http://127.0.0.1:8000
 * Running on http://192.168.0.6:8000
2026-05-17 21:20:46,893 [INFO] [33mPress CTRL+C to quit[0m
2026-05-17 21:23:38,640 [INFO] OP=registrar_matricula aluno=ALU-100 curso=CIENCIA-COMP
2026-05-17 21:23:38,644 [ERROR] ERRO registrar_matricula: UNIQUE constraint failed: matriculas.id_matricula
2026-05-17 21:23:38,644 [ERROR] Fault(Server: 'Erro interno: UNIQUE constraint failed: matriculas.id_matricula')
Traceback (most recent call last):
  File "C:\Users\one\Documents\soap-service\soap_service.py", line 111, in registrar_matricula
    conn.execute(
    ~~~~~~~~~~~~^
        "INSERT INTO matriculas VALUES (?, ?, ?, ?, ?)",
        ^^^^^^^^^^^^^^^^^^^^^^^^^^^^^^^^^^^^^^^^^^^^^^^^
        (id_mat, id_aluno, id_curso, 'ATIVA', data)
        ^^^^^^^^^^^^^^^^^^^^^^^^^^^^^^^^^^^^^^^^^^^
    )
    ^
sqlite3.IntegrityError: UNIQUE constraint failed: matriculas.id_matricula

During handling of the above exception, another exception occurred:

Traceback (most recent call last):
  File "C:\Users\one\AppData\Local\Programs\Python\Python313\Lib\site-packages\spyne\application.py", line 173, in process_request
    ctx.out_object = self.call_wrapper(ctx)
                     ~~~~~~~~~~~~~~~~~^^^^^
  File "C:\Users\one\AppData\Local\Programs\Python\Python313\Lib\site-packages\spyne\application.py", line 242, in call_wrapper
    return ctx.descriptor.service_class.call_wrapper(ctx)
           ~~~~~~~~~~~~~~~~~~~~~~~~~~~~~~~~~~~~~~~~~^^^^^
  File "C:\Users\one\AppData\Local\Programs\Python\Python313\Lib\site-packages\spyne\service.py", line 194, in call_wrapper
    return ctx.function(*args)
           ~~~~~~~~~~~~^^^^^^^
  File "C:\Users\one\Documents\soap-service\soap_service.py", line 124, in registrar_matricula
    raise Fault('Server', f'Erro interno: {exc}')
spyne.model.fault.Fault: Fault(Server: 'Erro interno: UNIQUE constraint failed: matriculas.id_matricula')
2026-05-17 21:23:38,656 [INFO] 127.0.0.1 - - [17/May/2026 21:23:38] "[35m[1mPOST / HTTP/1.1[0m" 500 -
2026-05-17 21:23:50,460 [INFO] OP=registrar_matricula aluno=ALU-210 curso=CIENCIA-COMP
2026-05-17 21:24:01,441 [ERROR] ERRO registrar_matricula: database is locked
2026-05-17 21:24:01,442 [ERROR] Fault(Server: 'Erro interno: database is locked')
Traceback (most recent call last):
  File "C:\Users\one\Documents\soap-service\soap_service.py", line 111, in registrar_matricula
    conn.execute(
    ~~~~~~~~~~~~^
        "INSERT INTO matriculas VALUES (?, ?, ?, ?, ?)",
        ^^^^^^^^^^^^^^^^^^^^^^^^^^^^^^^^^^^^^^^^^^^^^^^^
        (id_mat, id_aluno, id_curso, 'ATIVA', data)
        ^^^^^^^^^^^^^^^^^^^^^^^^^^^^^^^^^^^^^^^^^^^
    )
    ^
sqlite3.OperationalError: database is locked

During handling of the above exception, another exception occurred:

Traceback (most recent call last):
  File "C:\Users\one\AppData\Local\Programs\Python\Python313\Lib\site-packages\spyne\application.py", line 173, in process_request
    ctx.out_object = self.call_wrapper(ctx)
                     ~~~~~~~~~~~~~~~~~^^^^^
  File "C:\Users\one\AppData\Local\Programs\Python\Python313\Lib\site-packages\spyne\application.py", line 242, in call_wrapper
    return ctx.descriptor.service_class.call_wrapper(ctx)
           ~~~~~~~~~~~~~~~~~~~~~~~~~~~~~~~~~~~~~~~~~^^^^^
  File "C:\Users\one\AppData\Local\Programs\Python\Python313\Lib\site-packages\spyne\service.py", line 194, in call_wrapper
    return ctx.function(*args)
           ~~~~~~~~~~~~^^^^^^^
  File "C:\Users\one\Documents\soap-service\soap_service.py", line 124, in registrar_matricula
    raise Fault('Server', f'Erro interno: {exc}')
spyne.model.fault.Fault: Fault(Server: 'Erro interno: database is locked')
2026-05-17 21:24:01,451 [INFO] 127.0.0.1 - - [17/May/2026 21:24:01] "[35m[1mPOST / HTTP/1.1[0m" 500 -
2026-05-17 21:37:25,637 [INFO] Initializing application {urn:gestao.matriculas.uern}GestaoMatriculaService...
2026-05-17 21:37:25,649 [INFO] Banco SQLite inicializado: matriculas.db
2026-05-17 21:37:27,006 [INFO] [31m[1mWARNING: This is a development server. Do not use it in a production deployment. Use a production WSGI server instead.[0m
 * Running on all addresses (0.0.0.0)
 * Running on http://127.0.0.1:8000
 * Running on http://192.168.0.6:8000
2026-05-17 21:37:27,006 [INFO] [33mPress CTRL+C to quit[0m
2026-05-17 21:37:33,250 [INFO] OP=registrar_matricula aluno=ALU-210 curso=CIENCIA-COMP
2026-05-17 21:37:33,256 [INFO] Matricula criada: MAT-0008
2026-05-17 21:37:33,277 [INFO] 127.0.0.1 - - [17/May/2026 21:37:33] "POST / HTTP/1.1" 200 -
